
> arpit-solar-shop-next-app@0.1.0 build
> next build

   ▲ Next.js 15.1.6
   - Environments: .env.local

   Creating an optimized production build ...
Browserslist: browsers data (caniuse-lite) is 7 months old. Please run:
  npx update-browserslist-db@latest
  Why you should do it regularly: https://github.com/browserslist/update-db#readme
 ✓ Compiled successfully
   Skipping linting
   Checking validity of types ...
Failed to compile.

./src/app/(website)/shakti-solar/page.tsx:260:15
Type error: Type 'StaticImageData' is not assignable to type 'string'.

[0m [90m 258 |[39m             [33m<[39m[33mSolarSolutionCard[39m[0m
[0m [90m 259 |[39m               title[33m=[39m[32m"Sunshakti Inverter"[39m[0m
[0m[31m[1m>[22m[39m[90m 260 |[39m               image[33m=[39m{[33mInverterImg[39m}[0m
[0m [90m     |[39m               [31m[1m^[22m[39m[0m
[0m [90m 261 |[39m               features[33m=[39m{[[0m
[0m [90m 262 |[39m                 [32m"Dust & Water Proof Design (IP65 Rated)"[39m[33m,[39m[0m
[0m [90m 263 |[39m                 [32m"Advanced Digital Control & LCD Interface"[39m[33m,[39m[0m
Static worker exited with code: 1 and signal: null
