
> arpit-solar-shop-next-app@0.1.0 build
> next build

   ▲ Next.js 15.1.6
   - Environments: .env.local

   Creating an optimized production build ...
Failed to compile.

./src/app/(website)/city/[city]/page.tsx
Error:   [31mx[0m You're importing a component that needs `useState`. This React hook only works in a client component. To fix, mark the file (or its parent) with the `"use client"` directive.
  [31m|[0m 
  [31m|[0m  Learn more: https://nextjs.org/docs/app/api-reference/directives/use-client
  [31m|[0m 
  [31m|[0m 
   ,-[[36;1;4mC:\Users\arpit\OneDrive\Desktop\Arpit Solar Shop Web App\arpit-solar-shop-next-app\src\app\(website)\city\[city]\page.tsx[0m:1:1]
 [2m1[0m | import React, { useState } from "react";
   : [35;1m                ^^^^^^^^[0m
 [2m2[0m | import { useParams } from "react-router-dom";
 [2m3[0m | import { Helmet } from "react-helmet-async";
 [2m4[0m | import locationsData from "@/data/locations.json";
   `----

Import trace for requested module:
./src/app/(website)/city/[city]/page.tsx

./src/app/(website)/integrated/page.tsx
Error:   [31mx[0m You're importing a component that needs `useEffect`. This React hook only works in a client component. To fix, mark the file (or its parent) with the `"use client"` directive.
  [31m|[0m 
  [31m|[0m  Learn more: https://nextjs.org/docs/app/api-reference/directives/use-client
  [31m|[0m 
  [31m|[0m 
   ,-[[36;1;4mC:\Users\arpit\OneDrive\Desktop\Arpit Solar Shop Web App\arpit-solar-shop-next-app\src\app\(website)\integrated\page.tsx[0m:1:1]
 [2m1[0m | import React, { useEffect, useMemo } from "react";
   : [35;1m                ^^^^^^^^^[0m
 [2m2[0m | import {
 [2m3[0m |   Sun,
 [2m3[0m |   Factory,
   `----

Import trace for requested module:
./src/app/(website)/integrated/page.tsx

./src/app/(website)/shakti-solar/page.tsx
Error:   [31mx[0m You're importing a component that needs `useEffect`. This React hook only works in a client component. To fix, mark the file (or its parent) with the `"use client"` directive.
  [31m|[0m 
  [31m|[0m  Learn more: https://nextjs.org/docs/app/api-reference/directives/use-client
  [31m|[0m 
  [31m|[0m 
   ,-[[36;1;4mC:\Users\arpit\OneDrive\Desktop\Arpit Solar Shop Web App\arpit-solar-shop-next-app\src\app\(website)\shakti-solar\page.tsx[0m:1:1]
 [2m1[0m | import { useEffect, useState } from "react";
   : [35;1m         ^^^^^^^^^[0m
 [2m2[0m | // import Navbar
 [2m3[0m | // import Footer
 [2m3[0m | import Shakti_Price_Data from "@/assets/shakti-solar";
   `----
  [31mx[0m You're importing a component that needs `useState`. This React hook only works in a client component. To fix, mark the file (or its parent) with the `"use client"` directive.
  [31m|[0m 
  [31m|[0m  Learn more: https://nextjs.org/docs/app/api-reference/directives/use-client
  [31m|[0m 
  [31m|[0m 
   ,-[[36;1;4mC:\Users\arpit\OneDrive\Desktop\Arpit Solar Shop Web App\arpit-solar-shop-next-app\src\app\(website)\shakti-solar\page.tsx[0m:1:1]
 [2m1[0m | import { useEffect, useState } from "react";
   : [35;1m                    ^^^^^^^^[0m
 [2m2[0m | // import Navbar
 [2m3[0m | // import Footer
 [2m3[0m | import Shakti_Price_Data from "@/assets/shakti-solar";
   `----

Import trace for requested module:
./src/app/(website)/shakti-solar/page.tsx

./src/components/sections/FAQ.tsx
Error:   [31mx[0m You're importing a component that needs `useState`. This React hook only works in a client component. To fix, mark the file (or its parent) with the `"use client"` directive.
  [31m|[0m 
  [31m|[0m  Learn more: https://nextjs.org/docs/app/api-reference/directives/use-client
  [31m|[0m 
  [31m|[0m 
   ,-[[36;1;4mC:\Users\arpit\OneDrive\Desktop\Arpit Solar Shop Web App\arpit-solar-shop-next-app\src\components\sections\FAQ.tsx[0m:1:1]
 [2m1[0m | import React, { useState } from "react";
   : [35;1m                ^^^^^^^^[0m
 [2m2[0m | import { ChevronDown } from "lucide-react";
 [2m3[0m | 
 [2m3[0m | type FAQItem = {
   `----

Import trace for requested module:
./src/components/sections/FAQ.tsx
./src/app/(website)/page.tsx

./src/components/sections/HeroSection.tsx
Error:   [31mx[0m You're importing a component that needs `useState`. This React hook only works in a client component. To fix, mark the file (or its parent) with the `"use client"` directive.
  [31m|[0m 
  [31m|[0m  Learn more: https://nextjs.org/docs/app/api-reference/directives/use-client
  [31m|[0m 
  [31m|[0m 
     ,-[[36;1;4mC:\Users\arpit\OneDrive\Desktop\Arpit Solar Shop Web App\arpit-solar-shop-next-app\src\components\sections\HeroSection.tsx[0m:800:1]
 [2m797[0m | 
 [2m798[0m | 
 [2m799[0m | 
 [2m800[0m | import { useState, useEffect } from "react";
     : [35;1m         ^^^^^^^^[0m
 [2m801[0m | import { Button } from "@/components/ui/button";
 [2m802[0m | import {
 [2m802[0m |   Zap,
     `----
  [31mx[0m You're importing a component that needs `useEffect`. This React hook only works in a client component. To fix, mark the file (or its parent) with the `"use client"` directive.
  [31m|[0m 
  [31m|[0m  Learn more: https://nextjs.org/docs/app/api-reference/directives/use-client
  [31m|[0m 
  [31m|[0m 
     ,-[[36;1;4mC:\Users\arpit\OneDrive\Desktop\Arpit Solar Shop Web App\arpit-solar-shop-next-app\src\components\sections\HeroSection.tsx[0m:800:1]
 [2m797[0m | 
 [2m798[0m | 
 [2m799[0m | 
 [2m800[0m | import { useState, useEffect } from "react";
     : [35;1m                   ^^^^^^^^^[0m
 [2m801[0m | import { Button } from "@/components/ui/button";
 [2m802[0m | import {
 [2m802[0m |   Zap,
     `----

Import trace for requested module:
./src/components/sections/HeroSection.tsx
./src/app/(website)/page.tsx


> Build failed because of webpack errors
